mode: set
github.com/russ-davey/miro-gopher/miro/access_token.go:16.58,19.94 2 1
github.com/russ-davey/miro-gopher/miro/access_token.go:19.94,21.3 1 0
github.com/russ-davey/miro-gopher/miro/access_token.go:21.8,24.3 2 1
github.com/russ-davey/miro-gopher/miro/access_token.go:29.63,30.99 1 1
github.com/russ-davey/miro-gopher/miro/access_token.go:30.99,32.3 1 0
github.com/russ-davey/miro-gopher/miro/access_token.go:32.8,37.3 2 1
github.com/russ-davey/miro-gopher/miro/app_card_item.go:12.100,15.110 2 1
github.com/russ-davey/miro-gopher/miro/app_card_item.go:15.110,17.3 1 1
github.com/russ-davey/miro-gopher/miro/app_card_item.go:17.8,20.3 2 1
github.com/russ-davey/miro-gopher/miro/app_card_item.go:25.81,28.118 2 1
github.com/russ-davey/miro-gopher/miro/app_card_item.go:28.118,30.3 1 1
github.com/russ-davey/miro-gopher/miro/app_card_item.go:30.8,33.3 2 1
github.com/russ-davey/miro-gopher/miro/app_card_item.go:38.108,41.118 2 1
github.com/russ-davey/miro-gopher/miro/app_card_item.go:41.118,43.3 1 1
github.com/russ-davey/miro-gopher/miro/app_card_item.go:43.8,46.3 2 1
github.com/russ-davey/miro-gopher/miro/app_card_item.go:51.68,52.118 1 1
github.com/russ-davey/miro-gopher/miro/app_card_item.go:52.118,54.3 1 1
github.com/russ-davey/miro-gopher/miro/app_card_item.go:54.8,56.3 1 1
github.com/russ-davey/miro-gopher/miro/board_members.go:14.122,17.110 2 1
github.com/russ-davey/miro-gopher/miro/board_members.go:17.110,19.3 1 1
github.com/russ-davey/miro-gopher/miro/board_members.go:19.8,22.3 2 1
github.com/russ-davey/miro-gopher/miro/board_members.go:27.81,30.118 2 1
github.com/russ-davey/miro-gopher/miro/board_members.go:30.118,32.3 1 1
github.com/russ-davey/miro-gopher/miro/board_members.go:32.8,35.3 2 1
github.com/russ-davey/miro-gopher/miro/board_members.go:41.121,44.110 2 1
github.com/russ-davey/miro-gopher/miro/board_members.go:44.110,46.3 1 1
github.com/russ-davey/miro-gopher/miro/board_members.go:46.8,47.27 1 1
github.com/russ-davey/miro-gopher/miro/board_members.go:47.27,49.4 1 1
github.com/russ-davey/miro-gopher/miro/board_members.go:49.9,51.4 1 1
github.com/russ-davey/miro-gopher/miro/board_members.go:53.3,53.23 1 1
github.com/russ-davey/miro-gopher/miro/board_members.go:59.95,62.118 2 1
github.com/russ-davey/miro-gopher/miro/board_members.go:62.118,64.3 1 1
github.com/russ-davey/miro-gopher/miro/board_members.go:64.8,67.3 2 1
github.com/russ-davey/miro-gopher/miro/board_members.go:72.68,73.118 1 1
github.com/russ-davey/miro-gopher/miro/board_members.go:73.118,75.3 1 1
github.com/russ-davey/miro-gopher/miro/board_members.go:75.8,77.3 1 1
github.com/russ-davey/miro-gopher/miro/boards.go:11.66,14.86 2 1
github.com/russ-davey/miro-gopher/miro/boards.go:14.86,16.3 1 0
github.com/russ-davey/miro-gopher/miro/boards.go:16.8,19.3 2 1
github.com/russ-davey/miro-gopher/miro/boards.go:24.61,27.95 2 1
github.com/russ-davey/miro-gopher/miro/boards.go:27.95,29.3 1 0
github.com/russ-davey/miro-gopher/miro/boards.go:29.8,32.3 2 1
github.com/russ-davey/miro-gopher/miro/boards.go:38.87,41.86 2 1
github.com/russ-davey/miro-gopher/miro/boards.go:41.86,43.3 1 0
github.com/russ-davey/miro-gopher/miro/boards.go:43.8,44.27 1 1
github.com/russ-davey/miro-gopher/miro/boards.go:44.27,46.4 1 1
github.com/russ-davey/miro-gopher/miro/boards.go:46.9,48.4 1 1
github.com/russ-davey/miro-gopher/miro/boards.go:50.3,50.23 1 1
github.com/russ-davey/miro-gopher/miro/boards.go:57.81,60.86 2 1
github.com/russ-davey/miro-gopher/miro/boards.go:60.86,62.3 1 0
github.com/russ-davey/miro-gopher/miro/boards.go:62.8,65.3 2 1
github.com/russ-davey/miro-gopher/miro/boards.go:70.82,73.95 2 1
github.com/russ-davey/miro-gopher/miro/boards.go:73.95,75.3 1 0
github.com/russ-davey/miro-gopher/miro/boards.go:75.8,78.3 2 1
github.com/russ-davey/miro-gopher/miro/boards.go:83.54,84.95 1 1
github.com/russ-davey/miro-gopher/miro/boards.go:84.95,86.3 1 0
github.com/russ-davey/miro-gopher/miro/boards.go:86.8,88.3 1 1
github.com/russ-davey/miro-gopher/miro/card_items.go:12.91,15.110 2 1
github.com/russ-davey/miro-gopher/miro/card_items.go:15.110,17.3 1 0
github.com/russ-davey/miro-gopher/miro/card_items.go:17.8,20.3 2 1
github.com/russ-davey/miro-gopher/miro/card_items.go:25.75,28.118 2 1
github.com/russ-davey/miro-gopher/miro/card_items.go:28.118,30.3 1 0
github.com/russ-davey/miro-gopher/miro/card_items.go:30.8,33.3 2 1
github.com/russ-davey/miro-gopher/miro/card_items.go:38.99,41.118 2 1
github.com/russ-davey/miro-gopher/miro/card_items.go:41.118,43.3 1 0
github.com/russ-davey/miro-gopher/miro/card_items.go:43.8,46.3 2 1
github.com/russ-davey/miro-gopher/miro/card_items.go:51.65,52.118 1 1
github.com/russ-davey/miro-gopher/miro/card_items.go:52.118,54.3 1 0
github.com/russ-davey/miro-gopher/miro/card_items.go:54.8,56.3 1 1
github.com/russ-davey/miro-gopher/miro/connectors.go:12.94,15.110 2 1
github.com/russ-davey/miro-gopher/miro/connectors.go:15.110,17.3 1 0
github.com/russ-davey/miro-gopher/miro/connectors.go:17.8,20.3 2 1
github.com/russ-davey/miro-gopher/miro/connectors.go:25.77,28.118 2 1
github.com/russ-davey/miro-gopher/miro/connectors.go:28.118,30.3 1 0
github.com/russ-davey/miro-gopher/miro/connectors.go:30.8,33.3 2 1
github.com/russ-davey/miro-gopher/miro/connectors.go:48.115,51.110 2 1
github.com/russ-davey/miro-gopher/miro/connectors.go:51.110,53.3 1 0
github.com/russ-davey/miro-gopher/miro/connectors.go:53.8,54.27 1 1
github.com/russ-davey/miro-gopher/miro/connectors.go:54.27,56.4 1 1
github.com/russ-davey/miro-gopher/miro/connectors.go:56.9,58.4 1 1
github.com/russ-davey/miro-gopher/miro/connectors.go:60.3,60.23 1 1
github.com/russ-davey/miro-gopher/miro/connectors.go:66.102,69.118 2 1
github.com/russ-davey/miro-gopher/miro/connectors.go:69.118,71.3 1 0
github.com/russ-davey/miro-gopher/miro/connectors.go:71.8,74.3 2 1
github.com/russ-davey/miro-gopher/miro/connectors.go:79.66,80.118 1 1
github.com/russ-davey/miro-gopher/miro/connectors.go:80.118,82.3 1 0
github.com/russ-davey/miro-gopher/miro/connectors.go:82.8,84.3 1 1
github.com/russ-davey/miro-gopher/miro/document_items.go:20.99,23.110 2 1
github.com/russ-davey/miro-gopher/miro/document_items.go:23.110,25.3 1 0
github.com/russ-davey/miro-gopher/miro/document_items.go:25.8,28.3 2 1
github.com/russ-davey/miro-gopher/miro/document_items.go:34.108,38.16 3 1
github.com/russ-davey/miro-gopher/miro/document_items.go:38.16,40.3 1 0
github.com/russ-davey/miro-gopher/miro/document_items.go:41.2,44.61 3 1
github.com/russ-davey/miro-gopher/miro/document_items.go:44.61,46.3 1 0
github.com/russ-davey/miro-gopher/miro/document_items.go:48.2,60.110 4 1
github.com/russ-davey/miro-gopher/miro/document_items.go:60.110,62.3 1 0
github.com/russ-davey/miro-gopher/miro/document_items.go:62.8,65.3 2 1
github.com/russ-davey/miro-gopher/miro/document_items.go:70.79,73.118 2 1
github.com/russ-davey/miro-gopher/miro/document_items.go:73.118,75.3 1 0
github.com/russ-davey/miro-gopher/miro/document_items.go:75.8,78.3 2 1
github.com/russ-davey/miro-gopher/miro/document_items.go:83.107,86.118 2 1
github.com/russ-davey/miro-gopher/miro/document_items.go:86.118,88.3 1 0
github.com/russ-davey/miro-gopher/miro/document_items.go:88.8,91.3 2 1
github.com/russ-davey/miro-gopher/miro/document_items.go:96.124,100.16 3 1
github.com/russ-davey/miro-gopher/miro/document_items.go:100.16,102.3 1 0
github.com/russ-davey/miro-gopher/miro/document_items.go:103.2,106.61 3 1
github.com/russ-davey/miro-gopher/miro/document_items.go:106.61,108.3 1 0
github.com/russ-davey/miro-gopher/miro/document_items.go:110.2,122.118 4 1
github.com/russ-davey/miro-gopher/miro/document_items.go:122.118,124.3 1 0
github.com/russ-davey/miro-gopher/miro/document_items.go:124.8,127.3 2 1
github.com/russ-davey/miro-gopher/miro/document_items.go:132.65,133.118 1 1
github.com/russ-davey/miro-gopher/miro/document_items.go:133.118,135.3 1 0
github.com/russ-davey/miro-gopher/miro/document_items.go:135.8,137.3 1 1
github.com/russ-davey/miro-gopher/miro/embed_items.go:12.94,15.110 2 1
github.com/russ-davey/miro-gopher/miro/embed_items.go:15.110,17.3 1 0
github.com/russ-davey/miro-gopher/miro/embed_items.go:17.8,20.3 2 1
github.com/russ-davey/miro-gopher/miro/embed_items.go:25.77,28.118 2 1
github.com/russ-davey/miro-gopher/miro/embed_items.go:28.118,30.3 1 0
github.com/russ-davey/miro-gopher/miro/embed_items.go:30.8,33.3 2 1
github.com/russ-davey/miro-gopher/miro/embed_items.go:38.102,41.118 2 1
github.com/russ-davey/miro-gopher/miro/embed_items.go:41.118,43.3 1 0
github.com/russ-davey/miro-gopher/miro/embed_items.go:43.8,46.3 2 1
github.com/russ-davey/miro-gopher/miro/embed_items.go:51.66,52.118 1 1
github.com/russ-davey/miro-gopher/miro/embed_items.go:52.118,54.3 1 0
github.com/russ-davey/miro-gopher/miro/embed_items.go:54.8,56.3 1 1
github.com/russ-davey/miro-gopher/miro/frame_items.go:12.90,17.110 3 1
github.com/russ-davey/miro-gopher/miro/frame_items.go:17.110,19.3 1 0
github.com/russ-davey/miro-gopher/miro/frame_items.go:19.8,22.3 2 1
github.com/russ-davey/miro-gopher/miro/frame_items.go:27.73,30.118 2 1
github.com/russ-davey/miro-gopher/miro/frame_items.go:30.118,32.3 1 0
github.com/russ-davey/miro-gopher/miro/frame_items.go:32.8,35.3 2 1
github.com/russ-davey/miro-gopher/miro/frame_items.go:49.112,52.104 2 1
github.com/russ-davey/miro-gopher/miro/frame_items.go:52.104,54.3 1 0
github.com/russ-davey/miro-gopher/miro/frame_items.go:54.8,56.27 2 1
github.com/russ-davey/miro-gopher/miro/frame_items.go:56.27,58.4 1 1
github.com/russ-davey/miro-gopher/miro/frame_items.go:59.3,62.23 3 1
github.com/russ-davey/miro-gopher/miro/frame_items.go:68.98,73.118 3 1
github.com/russ-davey/miro-gopher/miro/frame_items.go:73.118,75.3 1 0
github.com/russ-davey/miro-gopher/miro/frame_items.go:75.8,78.3 2 1
github.com/russ-davey/miro-gopher/miro/frame_items.go:83.62,84.118 1 1
github.com/russ-davey/miro-gopher/miro/frame_items.go:84.118,86.3 1 0
github.com/russ-davey/miro-gopher/miro/frame_items.go:86.8,88.3 1 1
github.com/russ-davey/miro-gopher/miro/frame_items.go:91.48,92.29 1 1
github.com/russ-davey/miro-gopher/miro/frame_items.go:92.29,94.3 1 1
github.com/russ-davey/miro-gopher/miro/frame_items.go:95.2,95.31 1 1
github.com/russ-davey/miro-gopher/miro/frame_items.go:95.31,97.3 1 1
github.com/russ-davey/miro-gopher/miro/image_items.go:20.90,23.110 2 1
github.com/russ-davey/miro-gopher/miro/image_items.go:23.110,25.3 1 0
github.com/russ-davey/miro-gopher/miro/image_items.go:25.8,28.3 2 1
github.com/russ-davey/miro-gopher/miro/image_items.go:34.102,38.16 3 1
github.com/russ-davey/miro-gopher/miro/image_items.go:38.16,40.3 1 0
github.com/russ-davey/miro-gopher/miro/image_items.go:41.2,44.61 3 1
github.com/russ-davey/miro-gopher/miro/image_items.go:44.61,46.3 1 0
github.com/russ-davey/miro-gopher/miro/image_items.go:48.2,60.110 4 1
github.com/russ-davey/miro-gopher/miro/image_items.go:60.110,62.3 1 0
github.com/russ-davey/miro-gopher/miro/image_items.go:62.8,65.3 2 1
github.com/russ-davey/miro-gopher/miro/image_items.go:70.73,73.118 2 1
github.com/russ-davey/miro-gopher/miro/image_items.go:73.118,75.3 1 0
github.com/russ-davey/miro-gopher/miro/image_items.go:75.8,78.3 2 1
github.com/russ-davey/miro-gopher/miro/image_items.go:83.98,86.118 2 1
github.com/russ-davey/miro-gopher/miro/image_items.go:86.118,88.3 1 0
github.com/russ-davey/miro-gopher/miro/image_items.go:88.8,91.3 2 1
github.com/russ-davey/miro-gopher/miro/image_items.go:96.118,100.16 3 1
github.com/russ-davey/miro-gopher/miro/image_items.go:100.16,102.3 1 0
github.com/russ-davey/miro-gopher/miro/image_items.go:103.2,106.61 3 1
github.com/russ-davey/miro-gopher/miro/image_items.go:106.61,108.3 1 0
github.com/russ-davey/miro-gopher/miro/image_items.go:110.2,122.118 4 1
github.com/russ-davey/miro-gopher/miro/image_items.go:122.118,124.3 1 0
github.com/russ-davey/miro-gopher/miro/image_items.go:124.8,127.3 2 1
github.com/russ-davey/miro-gopher/miro/image_items.go:132.62,133.118 1 1
github.com/russ-davey/miro-gopher/miro/image_items.go:133.118,135.3 1 0
github.com/russ-davey/miro-gopher/miro/image_items.go:135.8,137.3 1 1
github.com/russ-davey/miro-gopher/miro/items.go:22.100,25.110 2 1
github.com/russ-davey/miro-gopher/miro/items.go:25.110,27.3 1 0
github.com/russ-davey/miro-gopher/miro/items.go:27.8,28.27 1 1
github.com/russ-davey/miro-gopher/miro/items.go:28.27,30.4 1 1
github.com/russ-davey/miro-gopher/miro/items.go:30.9,32.4 1 1
github.com/russ-davey/miro-gopher/miro/items.go:34.3,34.23 1 1
github.com/russ-davey/miro-gopher/miro/items.go:40.67,43.118 2 1
github.com/russ-davey/miro-gopher/miro/items.go:43.118,45.3 1 0
github.com/russ-davey/miro-gopher/miro/items.go:45.8,48.3 2 1
github.com/russ-davey/miro-gopher/miro/items.go:53.90,56.118 2 1
github.com/russ-davey/miro-gopher/miro/items.go:56.118,58.3 1 0
github.com/russ-davey/miro-gopher/miro/items.go:58.8,61.3 2 1
github.com/russ-davey/miro-gopher/miro/items.go:66.61,67.118 1 1
github.com/russ-davey/miro-gopher/miro/items.go:67.118,69.3 1 0
github.com/russ-davey/miro-gopher/miro/items.go:69.8,71.3 1 1
github.com/russ-davey/miro-gopher/miro/miro.go:64.38,66.67 2 1
github.com/russ-davey/miro-gopher/miro/miro.go:66.67,68.3 1 0
github.com/russ-davey/miro-gopher/miro/miro.go:68.8,70.3 1 1
github.com/russ-davey/miro-gopher/miro/miro.go:72.2,80.10 3 1
github.com/russ-davey/miro-gopher/miro/miro.go:83.29,100.2 16 1
github.com/russ-davey/miro-gopher/miro/miro.go:103.109,104.26 1 1
github.com/russ-davey/miro-gopher/miro/miro.go:104.26,106.3 1 1
github.com/russ-davey/miro-gopher/miro/miro.go:108.2,109.16 2 1
github.com/russ-davey/miro-gopher/miro/miro.go:109.16,111.3 1 0
github.com/russ-davey/miro-gopher/miro/miro.go:113.2,114.51 2 1
github.com/russ-davey/miro-gopher/miro/miro.go:114.51,116.3 1 0
github.com/russ-davey/miro-gopher/miro/miro.go:116.8,117.39 1 1
github.com/russ-davey/miro-gopher/miro/miro.go:117.39,119.4 1 1
github.com/russ-davey/miro-gopher/miro/miro.go:120.3,120.54 1 1
github.com/russ-davey/miro-gopher/miro/miro.go:125.93,127.16 2 1
github.com/russ-davey/miro-gopher/miro/miro.go:127.16,129.3 1 0
github.com/russ-davey/miro-gopher/miro/miro.go:131.2,132.16 2 1
github.com/russ-davey/miro-gopher/miro/miro.go:132.16,134.3 1 0
github.com/russ-davey/miro-gopher/miro/miro.go:136.2,137.51 2 1
github.com/russ-davey/miro-gopher/miro/miro.go:137.51,139.3 1 0
github.com/russ-davey/miro-gopher/miro/miro.go:139.8,140.44 1 1
github.com/russ-davey/miro-gopher/miro/miro.go:140.44,142.4 1 0
github.com/russ-davey/miro-gopher/miro/miro.go:143.3,143.54 1 1
github.com/russ-davey/miro-gopher/miro/miro.go:147.111,151.32 3 1
github.com/russ-davey/miro-gopher/miro/miro.go:151.32,152.94 1 1
github.com/russ-davey/miro-gopher/miro/miro.go:152.94,154.4 1 0
github.com/russ-davey/miro-gopher/miro/miro.go:154.9,155.56 1 1
github.com/russ-davey/miro-gopher/miro/miro.go:155.56,157.5 1 0
github.com/russ-davey/miro-gopher/miro/miro.go:162.2,162.39 1 1
github.com/russ-davey/miro-gopher/miro/miro.go:162.39,164.3 1 0
github.com/russ-davey/miro-gopher/miro/miro.go:166.2,167.16 2 1
github.com/russ-davey/miro-gopher/miro/miro.go:167.16,169.3 1 0
github.com/russ-davey/miro-gopher/miro/miro.go:172.2,175.51 3 1
github.com/russ-davey/miro-gopher/miro/miro.go:175.51,177.3 1 0
github.com/russ-davey/miro-gopher/miro/miro.go:177.8,178.44 1 1
github.com/russ-davey/miro-gopher/miro/miro.go:178.44,180.4 1 0
github.com/russ-davey/miro-gopher/miro/miro.go:181.3,181.54 1 1
github.com/russ-davey/miro-gopher/miro/miro.go:186.97,187.26 1 1
github.com/russ-davey/miro-gopher/miro/miro.go:187.26,189.3 1 1
github.com/russ-davey/miro-gopher/miro/miro.go:191.2,192.16 2 1
github.com/russ-davey/miro-gopher/miro/miro.go:192.16,194.3 1 0
github.com/russ-davey/miro-gopher/miro/miro.go:196.2,197.51 2 1
github.com/russ-davey/miro-gopher/miro/miro.go:197.51,199.3 1 0
github.com/russ-davey/miro-gopher/miro/miro.go:199.8,200.46 1 1
github.com/russ-davey/miro-gopher/miro/miro.go:200.46,202.4 1 0
github.com/russ-davey/miro-gopher/miro/miro.go:203.3,203.13 1 1
github.com/russ-davey/miro-gopher/miro/miro.go:208.118,209.26 1 1
github.com/russ-davey/miro-gopher/miro/miro.go:209.26,211.3 1 1
github.com/russ-davey/miro-gopher/miro/miro.go:213.2,214.16 2 1
github.com/russ-davey/miro-gopher/miro/miro.go:214.16,216.3 1 0
github.com/russ-davey/miro-gopher/miro/miro.go:218.2,219.16 2 1
github.com/russ-davey/miro-gopher/miro/miro.go:219.16,221.3 1 0
github.com/russ-davey/miro-gopher/miro/miro.go:223.2,224.51 2 1
github.com/russ-davey/miro-gopher/miro/miro.go:224.51,226.3 1 0
github.com/russ-davey/miro-gopher/miro/miro.go:226.8,227.44 1 1
github.com/russ-davey/miro-gopher/miro/miro.go:227.44,229.4 1 1
github.com/russ-davey/miro-gopher/miro/miro.go:230.3,230.54 1 1
github.com/russ-davey/miro-gopher/miro/miro.go:235.94,237.16 2 1
github.com/russ-davey/miro-gopher/miro/miro.go:237.16,239.3 1 0
github.com/russ-davey/miro-gopher/miro/miro.go:241.2,242.16 2 1
github.com/russ-davey/miro-gopher/miro/miro.go:242.16,244.3 1 0
github.com/russ-davey/miro-gopher/miro/miro.go:246.2,247.51 2 1
github.com/russ-davey/miro-gopher/miro/miro.go:247.51,249.3 1 0
github.com/russ-davey/miro-gopher/miro/miro.go:249.8,250.39 1 1
github.com/russ-davey/miro-gopher/miro/miro.go:250.39,252.4 1 0
github.com/russ-davey/miro-gopher/miro/miro.go:253.3,253.54 1 1
github.com/russ-davey/miro-gopher/miro/miro.go:257.112,261.32 3 1
github.com/russ-davey/miro-gopher/miro/miro.go:261.32,262.94 1 1
github.com/russ-davey/miro-gopher/miro/miro.go:262.94,264.4 1 0
github.com/russ-davey/miro-gopher/miro/miro.go:264.9,265.56 1 1
github.com/russ-davey/miro-gopher/miro/miro.go:265.56,267.5 1 0
github.com/russ-davey/miro-gopher/miro/miro.go:272.2,272.39 1 1
github.com/russ-davey/miro-gopher/miro/miro.go:272.39,274.3 1 0
github.com/russ-davey/miro-gopher/miro/miro.go:276.2,277.16 2 1
github.com/russ-davey/miro-gopher/miro/miro.go:277.16,279.3 1 0
github.com/russ-davey/miro-gopher/miro/miro.go:282.2,285.51 3 1
github.com/russ-davey/miro-gopher/miro/miro.go:285.51,287.3 1 0
github.com/russ-davey/miro-gopher/miro/miro.go:287.8,288.39 1 1
github.com/russ-davey/miro-gopher/miro/miro.go:288.39,290.4 1 0
github.com/russ-davey/miro-gopher/miro/miro.go:291.3,291.54 1 1
github.com/russ-davey/miro-gopher/miro/miro.go:296.90,297.26 1 1
github.com/russ-davey/miro-gopher/miro/miro.go:297.26,299.3 1 1
github.com/russ-davey/miro-gopher/miro/miro.go:301.2,302.16 2 1
github.com/russ-davey/miro-gopher/miro/miro.go:302.16,304.3 1 0
github.com/russ-davey/miro-gopher/miro/miro.go:306.2,307.51 2 1
github.com/russ-davey/miro-gopher/miro/miro.go:307.51,309.3 1 0
github.com/russ-davey/miro-gopher/miro/miro.go:309.8,310.46 1 1
github.com/russ-davey/miro-gopher/miro/miro.go:310.46,312.4 1 0
github.com/russ-davey/miro-gopher/miro/miro.go:313.3,313.13 1 1
github.com/russ-davey/miro-gopher/miro/miro.go:317.32,329.2 2 1
github.com/russ-davey/miro-gopher/miro/miro.go:331.46,332.18 1 1
github.com/russ-davey/miro-gopher/miro/miro.go:333.22,334.45 1 1
github.com/russ-davey/miro-gopher/miro/miro.go:335.25,335.25 0 1
github.com/russ-davey/miro-gopher/miro/miro.go:336.10,338.51 2 1
github.com/russ-davey/miro-gopher/miro/miro.go:340.2,340.66 1 1
github.com/russ-davey/miro-gopher/miro/miro.go:343.63,345.17 2 1
github.com/russ-davey/miro-gopher/miro/miro.go:345.17,346.54 1 1
github.com/russ-davey/miro-gopher/miro/miro.go:346.54,348.4 1 0
github.com/russ-davey/miro-gopher/miro/miro.go:348.9,350.4 1 1
github.com/russ-davey/miro-gopher/miro/miro.go:352.2,352.21 1 1
github.com/russ-davey/miro-gopher/miro/miro.go:355.107,363.2 4 1
github.com/russ-davey/miro-gopher/miro/miro.go:365.51,367.67 2 1
github.com/russ-davey/miro-gopher/miro/miro.go:367.67,369.3 1 0
github.com/russ-davey/miro-gopher/miro/miro.go:371.2,372.37 2 1
github.com/russ-davey/miro-gopher/miro/miro.go:372.37,374.48 2 0
github.com/russ-davey/miro-gopher/miro/miro.go:374.48,376.4 1 0
github.com/russ-davey/miro-gopher/miro/miro.go:377.3,377.47 1 0
github.com/russ-davey/miro-gopher/miro/miro.go:380.2,380.131 1 1
github.com/russ-davey/miro-gopher/miro/miro.go:383.55,384.32 1 1
github.com/russ-davey/miro-gopher/miro/miro.go:384.32,385.17 1 1
github.com/russ-davey/miro-gopher/miro/miro.go:385.17,387.4 1 1
github.com/russ-davey/miro-gopher/miro/miro.go:389.2,389.41 1 1
github.com/russ-davey/miro-gopher/miro/oembed.go:12.88,15.86 2 1
github.com/russ-davey/miro-gopher/miro/oembed.go:15.86,17.3 1 0
github.com/russ-davey/miro-gopher/miro/oembed.go:17.8,19.27 2 1
github.com/russ-davey/miro-gopher/miro/oembed.go:19.27,21.4 1 1
github.com/russ-davey/miro-gopher/miro/oembed.go:22.3,25.23 3 1
github.com/russ-davey/miro-gopher/miro/parameters.go:18.56,20.37 2 1
github.com/russ-davey/miro-gopher/miro/parameters.go:20.37,21.34 1 1
github.com/russ-davey/miro-gopher/miro/parameters.go:21.34,23.4 1 1
github.com/russ-davey/miro-gopher/miro/parameters.go:25.2,25.22 1 1
github.com/russ-davey/miro-gopher/miro/parameters.go:25.22,27.3 1 0
github.com/russ-davey/miro-gopher/miro/parameters.go:28.2,28.30 1 1
github.com/russ-davey/miro-gopher/miro/parameters.go:31.48,36.36 4 1
github.com/russ-davey/miro-gopher/miro/parameters.go:36.36,38.53 2 1
github.com/russ-davey/miro-gopher/miro/parameters.go:38.53,41.34 3 1
github.com/russ-davey/miro-gopher/miro/parameters.go:41.34,42.13 1 1
github.com/russ-davey/miro-gopher/miro/parameters.go:44.4,44.52 1 1
github.com/russ-davey/miro-gopher/miro/parameters.go:47.2,47.15 1 1
github.com/russ-davey/miro-gopher/miro/parameters.go:50.35,54.27 3 1
github.com/russ-davey/miro-gopher/miro/parameters.go:54.27,55.13 1 1
github.com/russ-davey/miro-gopher/miro/parameters.go:55.13,57.4 1 1
github.com/russ-davey/miro-gopher/miro/parameters.go:57.9,57.32 1 1
github.com/russ-davey/miro-gopher/miro/parameters.go:57.32,59.4 1 1
github.com/russ-davey/miro-gopher/miro/parameters.go:59.9,59.31 1 0
github.com/russ-davey/miro-gopher/miro/parameters.go:59.31,61.4 1 0
github.com/russ-davey/miro-gopher/miro/parameters.go:63.2,63.10 1 1
github.com/russ-davey/miro-gopher/miro/shape_item.go:12.94,15.110 2 1
github.com/russ-davey/miro-gopher/miro/shape_item.go:15.110,17.3 1 0
github.com/russ-davey/miro-gopher/miro/shape_item.go:17.8,20.3 2 1
github.com/russ-davey/miro-gopher/miro/shape_item.go:25.77,28.118 2 1
github.com/russ-davey/miro-gopher/miro/shape_item.go:28.118,30.3 1 0
github.com/russ-davey/miro-gopher/miro/shape_item.go:30.8,33.3 2 1
github.com/russ-davey/miro-gopher/miro/shape_item.go:38.102,41.118 2 1
github.com/russ-davey/miro-gopher/miro/shape_item.go:41.118,43.3 1 0
github.com/russ-davey/miro-gopher/miro/shape_item.go:43.8,46.3 2 1
github.com/russ-davey/miro-gopher/miro/shape_item.go:51.66,52.118 1 1
github.com/russ-davey/miro-gopher/miro/shape_item.go:52.118,54.3 1 0
github.com/russ-davey/miro-gopher/miro/shape_item.go:54.8,56.3 1 1
github.com/russ-davey/miro-gopher/miro/sticky_note_items.go:12.97,15.110 2 1
github.com/russ-davey/miro-gopher/miro/sticky_note_items.go:15.110,17.3 1 0
github.com/russ-davey/miro-gopher/miro/sticky_note_items.go:17.8,20.3 2 1
github.com/russ-davey/miro-gopher/miro/sticky_note_items.go:25.79,28.118 2 1
github.com/russ-davey/miro-gopher/miro/sticky_note_items.go:28.118,30.3 1 0
github.com/russ-davey/miro-gopher/miro/sticky_note_items.go:30.8,33.3 2 1
github.com/russ-davey/miro-gopher/miro/sticky_note_items.go:38.105,41.118 2 1
github.com/russ-davey/miro-gopher/miro/sticky_note_items.go:41.118,43.3 1 0
github.com/russ-davey/miro-gopher/miro/sticky_note_items.go:43.8,46.3 2 1
github.com/russ-davey/miro-gopher/miro/sticky_note_items.go:51.67,52.118 1 1
github.com/russ-davey/miro-gopher/miro/sticky_note_items.go:52.118,54.3 1 0
github.com/russ-davey/miro-gopher/miro/sticky_note_items.go:54.8,56.3 1 1
github.com/russ-davey/miro-gopher/miro/tags.go:13.106,16.104 2 1
github.com/russ-davey/miro-gopher/miro/tags.go:16.104,18.3 1 0
github.com/russ-davey/miro-gopher/miro/tags.go:18.8,20.27 2 1
github.com/russ-davey/miro-gopher/miro/tags.go:20.27,22.4 1 1
github.com/russ-davey/miro-gopher/miro/tags.go:23.3,26.23 3 1
github.com/russ-davey/miro-gopher/miro/tags.go:32.67,33.112 1 1
github.com/russ-davey/miro-gopher/miro/tags.go:33.112,35.3 1 0
github.com/russ-davey/miro-gopher/miro/tags.go:35.8,37.3 1 1
github.com/russ-davey/miro-gopher/miro/tags.go:42.67,43.112 1 1
github.com/russ-davey/miro-gopher/miro/tags.go:43.112,45.3 1 0
github.com/russ-davey/miro-gopher/miro/tags.go:45.8,47.3 1 1
github.com/russ-davey/miro-gopher/miro/tags.go:50.82,53.120 2 1
github.com/russ-davey/miro-gopher/miro/tags.go:53.120,55.3 1 0
github.com/russ-davey/miro-gopher/miro/tags.go:55.8,59.3 2 1
github.com/russ-davey/miro-gopher/miro/tags.go:64.76,67.110 2 1
github.com/russ-davey/miro-gopher/miro/tags.go:67.110,69.3 1 0
github.com/russ-davey/miro-gopher/miro/tags.go:69.8,72.3 2 1
github.com/russ-davey/miro-gopher/miro/tags.go:75.112,78.103 2 1
github.com/russ-davey/miro-gopher/miro/tags.go:78.103,80.3 1 0
github.com/russ-davey/miro-gopher/miro/tags.go:80.8,81.27 1 1
github.com/russ-davey/miro-gopher/miro/tags.go:81.27,83.4 1 1
github.com/russ-davey/miro-gopher/miro/tags.go:83.9,85.4 1 1
github.com/russ-davey/miro-gopher/miro/tags.go:87.3,87.23 1 1
github.com/russ-davey/miro-gopher/miro/tags.go:93.65,96.118 2 1
github.com/russ-davey/miro-gopher/miro/tags.go:96.118,98.3 1 0
github.com/russ-davey/miro-gopher/miro/tags.go:98.8,101.3 2 1
github.com/russ-davey/miro-gopher/miro/tags.go:106.84,109.118 2 1
github.com/russ-davey/miro-gopher/miro/tags.go:109.118,111.3 1 0
github.com/russ-davey/miro-gopher/miro/tags.go:111.8,114.3 2 1
github.com/russ-davey/miro-gopher/miro/tags.go:119.60,120.118 1 1
github.com/russ-davey/miro-gopher/miro/tags.go:120.118,122.3 1 0
github.com/russ-davey/miro-gopher/miro/tags.go:122.8,124.3 1 1
github.com/russ-davey/miro-gopher/miro/text_items.go:12.91,15.110 2 1
github.com/russ-davey/miro-gopher/miro/text_items.go:15.110,17.3 1 0
github.com/russ-davey/miro-gopher/miro/text_items.go:17.8,20.3 2 1
github.com/russ-davey/miro-gopher/miro/text_items.go:25.75,28.118 2 1
github.com/russ-davey/miro-gopher/miro/text_items.go:28.118,30.3 1 0
github.com/russ-davey/miro-gopher/miro/text_items.go:30.8,33.3 2 1
github.com/russ-davey/miro-gopher/miro/text_items.go:38.99,41.118 2 1
github.com/russ-davey/miro-gopher/miro/text_items.go:41.118,43.3 1 0
github.com/russ-davey/miro-gopher/miro/text_items.go:43.8,46.3 2 1
github.com/russ-davey/miro-gopher/miro/text_items.go:51.65,52.118 1 1
github.com/russ-davey/miro-gopher/miro/text_items.go:52.118,54.3 1 0
github.com/russ-davey/miro-gopher/miro/text_items.go:54.8,56.3 1 1
